#-----------------------------------------------------------
# Vivado v2016.3 (64-bit)
# SW Build 1682563 on Mon Oct 10 19:07:27 MDT 2016
# IP Build 1681267 on Mon Oct 10 21:28:31 MDT 2016
# Start of session at: Sun Dec 11 22:48:33 2016
# Process ID: 10024
# Current directory: C:/Workspace/F16genesisfinal/VDP
# Command line: vivado.exe -gui_launcher_event rodinguilauncherevent8816 C:\Workspace\F16genesisfinal\VDP\VSG.xpr
# Log file: C:/Workspace/F16genesisfinal/VDP/vivado.log
# Journal file: C:/Workspace/F16genesisfinal/VDP\vivado.jou
#-----------------------------------------------------------
start_gui
open_project C:/Workspace/F16genesisfinal/VDP/VSG.xpr
Scanning sources...
Finished scanning sources
INFO: [IP_Flow 19-234] Refreshing IP repositories
INFO: [IP_Flow 19-1704] No user IP repositories specified
INFO: [IP_Flow 19-2313] Loaded Vivado IP repository 'C:/Xilinx/Vivado/2016.3/data/ip'.
open_project: Time (s): cpu = 00:00:11 ; elapsed = 00:00:07 . Memory (MB): peak = 708.320 ; gain = 79.902
remove_files  C:/Workspace/F16genesisfinal/ROM/ROM_Handler_Top_wrapper.v
remove_files  C:/Workspace/F16genesisfinal/ROM/ROM_Handler_Top.v
remove_files  C:/Workspace/F16genesisfinal/ROM/ROM_Handler.v
exit
INFO: [Common 17-206] Exiting Vivado at Sun Dec 11 22:50:10 2016...
